<?xml version="1.0" encoding="UTF-8"?>
<!-- Generated by org.testng.reporters.JUnitReportReporter -->
<testsuite skipped="0" hostname="DESKTOP-PKISB3R" name="alerts.AlertHandling" tests="1" failures="0" timestamp="12 Jul 2020 19:21:47 GMT" time="18.906" errors="0">
  <testcase name="f" time="18.906" classname="alerts.AlertHandling"/>
</testsuite> <!-- alerts.AlertHandling -->
