<?xml version="1.0" encoding="UTF-8"?>
<!-- Generated by org.testng.reporters.JUnitReportReporter -->
<testsuite hostname="DESKTOP-PKISB3R" failures="0" tests="1" name="com.project.JuneMavenSelenium6_30PMBatch.TC_002" time="30.473" errors="0" timestamp="24 Jul 2020 18:55:59 GMT" skipped="0">
  <testcase classname="com.project.JuneMavenSelenium6_30PMBatch.TC_002" name="amazon" time="30.473"/>
</testsuite> <!-- com.project.JuneMavenSelenium6_30PMBatch.TC_002 -->
